2025-04-08 11:18:47 INFO  c.userservice.UserServiceApplication - Starting UserServiceApplication using Java 23.0.2 with PID 7314 (/home/kuldeep/D/Case Study/E-Shopping_zone/UserService/target/classes started by kuldeep in /home/kuldeep/D/Case Study/E-Shopping_zone/UserService)
2025-04-08 11:18:47 INFO  c.userservice.UserServiceApplication - No active profile set, falling back to 1 default profile: "default"
2025-04-08 11:18:47 INFO  o.s.d.r.c.RepositoryConfigurationDelegate - Bootstrapping Spring Data JPA repositories in DEFAULT mode.
2025-04-08 11:18:47 INFO  o.s.d.r.c.RepositoryConfigurationDelegate - Finished Spring Data repository scanning in 80 ms. Found 1 JPA repository interface.
2025-04-08 11:18:47 INFO  o.s.cloud.context.scope.GenericScope - BeanFactory id=be480838-fffa-3046-b705-5c08393bf500
2025-04-08 11:18:48 INFO  o.s.b.w.e.tomcat.TomcatWebServer - Tomcat initialized with port 8001 (http)
2025-04-08 11:18:48 INFO  o.a.coyote.http11.Http11NioProtocol - Initializing ProtocolHandler ["http-nio-8001"]
2025-04-08 11:18:48 INFO  o.a.catalina.core.StandardService - Starting service [Tomcat]
2025-04-08 11:18:48 INFO  o.a.catalina.core.StandardEngine - Starting Servlet engine: [Apache Tomcat/10.1.39]
2025-04-08 11:18:48 INFO  o.a.c.c.C.[Tomcat].[localhost].[/] - Initializing Spring embedded WebApplicationContext
2025-04-08 11:18:48 INFO  o.s.b.w.s.c.ServletWebServerApplicationContext - Root WebApplicationContext: initialization completed in 1279 ms
2025-04-08 11:18:48 INFO  o.h.jpa.internal.util.LogHelper - HHH000204: Processing PersistenceUnitInfo [name: default]
2025-04-08 11:18:48 INFO  org.hibernate.Version - HHH000412: Hibernate ORM core version 6.6.11.Final
2025-04-08 11:18:48 INFO  o.h.c.i.RegionFactoryInitiator - HHH000026: Second-level cache disabled
2025-04-08 11:18:48 INFO  o.s.o.j.p.SpringPersistenceUnitInfo - No LoadTimeWeaver setup: ignoring JPA class transformer
2025-04-08 11:18:48 INFO  com.zaxxer.hikari.HikariDataSource - HikariPool-1 - Starting...
2025-04-08 11:18:49 INFO  com.zaxxer.hikari.pool.HikariPool - HikariPool-1 - Added connection com.mysql.cj.jdbc.ConnectionImpl@4f22fd5d
2025-04-08 11:18:49 INFO  com.zaxxer.hikari.HikariDataSource - HikariPool-1 - Start completed.
2025-04-08 11:18:49 WARN  org.hibernate.orm.deprecation - HHH90000025: MySQL8Dialect does not need to be specified explicitly using 'hibernate.dialect' (remove the property setting and it will be selected by default)
2025-04-08 11:18:49 WARN  org.hibernate.orm.deprecation - HHH90000026: MySQL8Dialect has been deprecated; use org.hibernate.dialect.MySQLDialect instead
2025-04-08 11:18:49 INFO  o.hibernate.orm.connections.pooling - HHH10001005: Database info:
	Database JDBC URL [Connecting through datasource 'HikariDataSource (HikariPool-1)']
	Database driver: undefined/unknown
	Database version: 8.0
	Autocommit mode: undefined/unknown
	Isolation level: undefined/unknown
	Minimum pool size: undefined/unknown
	Maximum pool size: undefined/unknown
2025-04-08 11:18:49 INFO  o.h.e.t.j.p.i.JtaPlatformInitiator - HHH000489: No JTA platform available (set 'hibernate.transaction.jta.platform' to enable JTA platform integration)
2025-04-08 11:18:49 INFO  o.s.o.j.LocalContainerEntityManagerFactoryBean - Initialized JPA EntityManagerFactory for persistence unit 'default'
2025-04-08 11:18:50 WARN  o.s.b.a.o.j.JpaBaseConfiguration$JpaWebConfiguration - spring.jpa.open-in-view is enabled by default. Therefore, database queries may be performed during view rendering. Explicitly configure spring.jpa.open-in-view to disable this warning
2025-04-08 11:18:50 INFO  o.s.v.b.OptionalValidatorFactoryBean - Failed to set up a Bean Validation provider: jakarta.validation.NoProviderFoundException: Unable to create a Configuration, because no Jakarta Bean Validation provider could be found. Add a provider like Hibernate Validator (RI) to your classpath.
2025-04-08 11:18:51 INFO  o.s.cloud.commons.util.InetUtils - Cannot determine local hostname
2025-04-08 11:18:52 INFO  o.s.cloud.commons.util.InetUtils - Cannot determine local hostname
2025-04-08 11:18:52 INFO  o.s.c.n.e.c.DiscoveryClientOptionalArgsConfiguration - Eureka HTTP Client uses RestTemplate.
2025-04-08 11:18:53 WARN  o.s.c.l.c.LoadBalancerCacheAutoConfiguration$LoadBalancerCaffeineWarnLogger - Spring Cloud LoadBalancer is currently working with the default cache. While this cache implementation is useful for development and tests, it's recommended to use Caffeine cache in production.You can switch to using Caffeine cache, by adding it and org.springframework.cache.caffeine.CaffeineCacheManager to the classpath.
2025-04-08 11:18:53 INFO  o.s.c.n.eureka.InstanceInfoFactory - Setting initial instance status as: STARTING
2025-04-08 11:18:53 INFO  c.netflix.discovery.DiscoveryClient - Initializing Eureka in region us-east-1
2025-04-08 11:18:53 INFO  c.n.d.s.r.aws.ConfigClusterResolver - Resolving eureka endpoints via configuration
2025-04-08 11:18:53 INFO  c.netflix.discovery.DiscoveryClient - Disable delta property : false
2025-04-08 11:18:53 INFO  c.netflix.discovery.DiscoveryClient - Single vip registry refresh property : null
2025-04-08 11:18:53 INFO  c.netflix.discovery.DiscoveryClient - Force full registry fetch : false
2025-04-08 11:18:53 INFO  c.netflix.discovery.DiscoveryClient - Application is null : false
2025-04-08 11:18:53 INFO  c.netflix.discovery.DiscoveryClient - Registered Applications size is zero : true
2025-04-08 11:18:53 INFO  c.netflix.discovery.DiscoveryClient - Application version is -1: true
2025-04-08 11:18:53 INFO  c.netflix.discovery.DiscoveryClient - Getting all instance registry info from the eureka server
2025-04-08 11:18:53 INFO  c.netflix.discovery.DiscoveryClient - The response status is 200
2025-04-08 11:18:53 INFO  c.netflix.discovery.DiscoveryClient - Starting heartbeat executor: renew interval is: 30
2025-04-08 11:18:53 INFO  c.n.discovery.InstanceInfoReplicator - InstanceInfoReplicator onDemand update allowed rate per min is 4
2025-04-08 11:18:53 INFO  c.netflix.discovery.DiscoveryClient - Discovery Client initialized at timestamp 1744091333348 with initial instances count: 2
2025-04-08 11:18:53 INFO  o.s.c.n.e.s.EurekaServiceRegistry - Registering application USERSERVICE with eureka with status UP
2025-04-08 11:18:53 INFO  c.netflix.discovery.DiscoveryClient - Saw local status change event StatusChangeEvent [timestamp=1744091333355, current=UP, previous=STARTING]
2025-04-08 11:18:53 INFO  o.a.coyote.http11.Http11NioProtocol - Starting ProtocolHandler ["http-nio-8001"]
2025-04-08 11:18:53 INFO  c.netflix.discovery.DiscoveryClient - DiscoveryClient_USERSERVICE/localhost:UserService:8001: registering service...
2025-04-08 11:18:53 INFO  o.s.b.w.e.tomcat.TomcatWebServer - Tomcat started on port 8001 (http) with context path '/'
2025-04-08 11:18:53 INFO  o.s.c.n.e.s.EurekaAutoServiceRegistration - Updating port to 8001
2025-04-08 11:18:53 INFO  c.netflix.discovery.DiscoveryClient - DiscoveryClient_USERSERVICE/localhost:UserService:8001 - registration status: 204
2025-04-08 11:18:54 INFO  o.s.cloud.commons.util.InetUtils - Cannot determine local hostname
2025-04-08 11:18:54 INFO  c.userservice.UserServiceApplication - Started UserServiceApplication in 8.691 seconds (process running for 9.263)
2025-04-08 11:19:18 INFO  o.a.c.c.C.[Tomcat].[localhost].[/] - Initializing Spring DispatcherServlet 'dispatcherServlet'
2025-04-08 11:19:18 INFO  o.s.web.servlet.DispatcherServlet - Initializing Servlet 'dispatcherServlet'
2025-04-08 11:19:18 INFO  o.s.web.servlet.DispatcherServlet - Completed initialization in 1 ms
2025-04-08 11:19:18 WARN  o.s.w.s.m.s.DefaultHandlerExceptionResolver - Resolved [org.springframework.http.converter.HttpMessageNotReadableException: JSON parse error: Cannot deserialize value of type `java.util.Date` from String "2025-04-08T05:28:37.360Z": expected format "dd/mm/yyyy"]
2025-04-08 11:20:52 INFO  o.s.c.n.e.s.EurekaServiceRegistry - Unregistering application USERSERVICE with eureka with status DOWN
2025-04-08 11:20:52 INFO  c.netflix.discovery.DiscoveryClient - Saw local status change event StatusChangeEvent [timestamp=1744091452056, current=DOWN, previous=UP]
2025-04-08 11:20:52 INFO  c.netflix.discovery.DiscoveryClient - DiscoveryClient_USERSERVICE/localhost:UserService:8001: registering service...
2025-04-08 11:20:52 INFO  o.s.b.w.e.tomcat.GracefulShutdown - Commencing graceful shutdown. Waiting for active requests to complete
2025-04-08 11:20:52 INFO  o.s.b.w.e.tomcat.GracefulShutdown - Graceful shutdown complete
2025-04-08 11:20:52 INFO  c.netflix.discovery.DiscoveryClient - DiscoveryClient_USERSERVICE/localhost:UserService:8001 - registration status: 204
2025-04-08 11:20:52 INFO  o.s.o.j.LocalContainerEntityManagerFactoryBean - Closing JPA EntityManagerFactory for persistence unit 'default'
2025-04-08 11:20:52 INFO  com.zaxxer.hikari.HikariDataSource - HikariPool-1 - Shutdown initiated...
2025-04-08 11:20:52 INFO  com.zaxxer.hikari.HikariDataSource - HikariPool-1 - Shutdown completed.
2025-04-08 11:20:52 INFO  c.netflix.discovery.DiscoveryClient - Shutting down DiscoveryClient ...
2025-04-08 11:20:55 INFO  c.netflix.discovery.DiscoveryClient - Unregistering ...
2025-04-08 11:20:55 WARN  c.n.discovery.TimedSupervisorTask - task supervisor shutting down, can't accept the task
2025-04-08 11:20:55 INFO  c.netflix.discovery.DiscoveryClient - DiscoveryClient_USERSERVICE/localhost:UserService:8001 - deregister  status: 200
2025-04-08 11:20:55 INFO  c.netflix.discovery.DiscoveryClient - Completed shut down of DiscoveryClient
2025-04-08 23:09:54 INFO  c.userservice.UserServiceApplication - Starting UserServiceApplication using Java 23.0.2 with PID 31877 (/home/kuldeep/D/Case Study/E-Shopping_zone/UserService/target/classes started by kuldeep in /home/kuldeep/D/Case Study/E-Shopping_zone/UserService)
2025-04-08 23:09:54 INFO  c.userservice.UserServiceApplication - No active profile set, falling back to 1 default profile: "default"
2025-04-08 23:09:55 INFO  o.s.d.r.c.RepositoryConfigurationDelegate - Bootstrapping Spring Data JPA repositories in DEFAULT mode.
2025-04-08 23:09:55 INFO  o.s.d.r.c.RepositoryConfigurationDelegate - Finished Spring Data repository scanning in 175 ms. Found 1 JPA repository interface.
2025-04-08 23:09:55 INFO  o.s.cloud.context.scope.GenericScope - BeanFactory id=04f272af-1f87-3d81-956a-85bd7970eaf1
2025-04-08 23:09:56 INFO  o.s.b.w.e.tomcat.TomcatWebServer - Tomcat initialized with port 8001 (http)
2025-04-08 23:09:56 INFO  o.a.coyote.http11.Http11NioProtocol - Initializing ProtocolHandler ["http-nio-8001"]
2025-04-08 23:09:56 INFO  o.a.catalina.core.StandardService - Starting service [Tomcat]
2025-04-08 23:09:56 INFO  o.a.catalina.core.StandardEngine - Starting Servlet engine: [Apache Tomcat/10.1.39]
2025-04-08 23:09:56 INFO  o.a.c.c.C.[Tomcat].[localhost].[/] - Initializing Spring embedded WebApplicationContext
2025-04-08 23:09:56 INFO  o.s.b.w.s.c.ServletWebServerApplicationContext - Root WebApplicationContext: initialization completed in 2390 ms
2025-04-08 23:09:56 INFO  o.h.jpa.internal.util.LogHelper - HHH000204: Processing PersistenceUnitInfo [name: default]
2025-04-08 23:09:56 INFO  org.hibernate.Version - HHH000412: Hibernate ORM core version 6.6.11.Final
2025-04-08 23:09:56 INFO  o.h.c.i.RegionFactoryInitiator - HHH000026: Second-level cache disabled
2025-04-08 23:09:57 INFO  o.s.o.j.p.SpringPersistenceUnitInfo - No LoadTimeWeaver setup: ignoring JPA class transformer
2025-04-08 23:09:57 INFO  com.zaxxer.hikari.HikariDataSource - HikariPool-1 - Starting...
2025-04-08 23:09:57 INFO  com.zaxxer.hikari.pool.HikariPool - HikariPool-1 - Added connection com.mysql.cj.jdbc.ConnectionImpl@7c8689e
2025-04-08 23:09:57 INFO  com.zaxxer.hikari.HikariDataSource - HikariPool-1 - Start completed.
2025-04-08 23:09:58 WARN  org.hibernate.orm.deprecation - HHH90000025: MySQL8Dialect does not need to be specified explicitly using 'hibernate.dialect' (remove the property setting and it will be selected by default)
2025-04-08 23:09:58 WARN  org.hibernate.orm.deprecation - HHH90000026: MySQL8Dialect has been deprecated; use org.hibernate.dialect.MySQLDialect instead
2025-04-08 23:09:58 INFO  o.hibernate.orm.connections.pooling - HHH10001005: Database info:
	Database JDBC URL [Connecting through datasource 'HikariDataSource (HikariPool-1)']
	Database driver: undefined/unknown
	Database version: 8.0
	Autocommit mode: undefined/unknown
	Isolation level: undefined/unknown
	Minimum pool size: undefined/unknown
	Maximum pool size: undefined/unknown
2025-04-08 23:09:58 INFO  o.h.e.t.j.p.i.JtaPlatformInitiator - HHH000489: No JTA platform available (set 'hibernate.transaction.jta.platform' to enable JTA platform integration)
2025-04-08 23:09:58 INFO  o.s.o.j.LocalContainerEntityManagerFactoryBean - Initialized JPA EntityManagerFactory for persistence unit 'default'
2025-04-08 23:09:59 WARN  o.s.b.a.o.j.JpaBaseConfiguration$JpaWebConfiguration - spring.jpa.open-in-view is enabled by default. Therefore, database queries may be performed during view rendering. Explicitly configure spring.jpa.open-in-view to disable this warning
2025-04-08 23:09:59 INFO  o.s.v.b.OptionalValidatorFactoryBean - Failed to set up a Bean Validation provider: jakarta.validation.NoProviderFoundException: Unable to create a Configuration, because no Jakarta Bean Validation provider could be found. Add a provider like Hibernate Validator (RI) to your classpath.
2025-04-08 23:10:01 INFO  o.s.cloud.commons.util.InetUtils - Cannot determine local hostname
2025-04-08 23:10:02 INFO  o.s.cloud.commons.util.InetUtils - Cannot determine local hostname
2025-04-08 23:10:02 INFO  o.s.c.n.e.c.DiscoveryClientOptionalArgsConfiguration - Eureka HTTP Client uses RestTemplate.
2025-04-08 23:10:02 WARN  o.s.c.l.c.LoadBalancerCacheAutoConfiguration$LoadBalancerCaffeineWarnLogger - Spring Cloud LoadBalancer is currently working with the default cache. While this cache implementation is useful for development and tests, it's recommended to use Caffeine cache in production.You can switch to using Caffeine cache, by adding it and org.springframework.cache.caffeine.CaffeineCacheManager to the classpath.
2025-04-08 23:10:02 INFO  o.s.c.n.eureka.InstanceInfoFactory - Setting initial instance status as: STARTING
2025-04-08 23:10:02 INFO  c.netflix.discovery.DiscoveryClient - Initializing Eureka in region us-east-1
2025-04-08 23:10:02 INFO  c.n.d.s.r.aws.ConfigClusterResolver - Resolving eureka endpoints via configuration
2025-04-08 23:10:02 INFO  c.netflix.discovery.DiscoveryClient - Disable delta property : false
2025-04-08 23:10:02 INFO  c.netflix.discovery.DiscoveryClient - Single vip registry refresh property : null
2025-04-08 23:10:02 INFO  c.netflix.discovery.DiscoveryClient - Force full registry fetch : false
2025-04-08 23:10:02 INFO  c.netflix.discovery.DiscoveryClient - Application is null : false
2025-04-08 23:10:02 INFO  c.netflix.discovery.DiscoveryClient - Registered Applications size is zero : true
2025-04-08 23:10:02 INFO  c.netflix.discovery.DiscoveryClient - Application version is -1: true
2025-04-08 23:10:02 INFO  c.netflix.discovery.DiscoveryClient - Getting all instance registry info from the eureka server
2025-04-08 23:10:02 INFO  c.netflix.discovery.DiscoveryClient - The response status is 200
2025-04-08 23:10:02 INFO  c.netflix.discovery.DiscoveryClient - Starting heartbeat executor: renew interval is: 30
2025-04-08 23:10:02 INFO  c.n.discovery.InstanceInfoReplicator - InstanceInfoReplicator onDemand update allowed rate per min is 4
2025-04-08 23:10:02 INFO  c.netflix.discovery.DiscoveryClient - Discovery Client initialized at timestamp 1744134002924 with initial instances count: 1
2025-04-08 23:10:02 INFO  o.s.c.n.e.s.EurekaServiceRegistry - Registering application USERSERVICE with eureka with status UP
2025-04-08 23:10:02 INFO  c.netflix.discovery.DiscoveryClient - Saw local status change event StatusChangeEvent [timestamp=1744134002935, current=UP, previous=STARTING]
2025-04-08 23:10:02 INFO  o.a.coyote.http11.Http11NioProtocol - Starting ProtocolHandler ["http-nio-8001"]
2025-04-08 23:10:02 INFO  c.netflix.discovery.DiscoveryClient - DiscoveryClient_USERSERVICE/Msi-Laptop:UserService:8001: registering service...
2025-04-08 23:10:02 INFO  o.s.b.w.e.tomcat.TomcatWebServer - Tomcat started on port 8001 (http) with context path '/'
2025-04-08 23:10:02 INFO  o.s.c.n.e.s.EurekaAutoServiceRegistration - Updating port to 8001
2025-04-08 23:10:02 INFO  c.netflix.discovery.DiscoveryClient - DiscoveryClient_USERSERVICE/Msi-Laptop:UserService:8001 - registration status: 204
2025-04-08 23:10:03 INFO  o.s.cloud.commons.util.InetUtils - Cannot determine local hostname
2025-04-08 23:10:03 INFO  c.userservice.UserServiceApplication - Started UserServiceApplication in 10.614 seconds (process running for 11.738)
2025-04-08 23:15:02 INFO  c.n.d.s.r.aws.ConfigClusterResolver - Resolving eureka endpoints via configuration
2025-04-08 23:20:02 INFO  c.n.d.s.r.aws.ConfigClusterResolver - Resolving eureka endpoints via configuration
2025-04-08 23:25:02 INFO  c.n.d.s.r.aws.ConfigClusterResolver - Resolving eureka endpoints via configuration
2025-04-08 23:30:02 INFO  c.n.d.s.r.aws.ConfigClusterResolver - Resolving eureka endpoints via configuration
2025-04-08 23:35:02 INFO  c.n.d.s.r.aws.ConfigClusterResolver - Resolving eureka endpoints via configuration
2025-04-08 23:39:10 INFO  o.s.c.n.e.s.EurekaServiceRegistry - Unregistering application USERSERVICE with eureka with status DOWN
2025-04-08 23:39:10 INFO  c.netflix.discovery.DiscoveryClient - Saw local status change event StatusChangeEvent [timestamp=1744135750437, current=DOWN, previous=UP]
2025-04-08 23:39:10 INFO  c.netflix.discovery.DiscoveryClient - DiscoveryClient_USERSERVICE/Msi-Laptop:UserService:8001: registering service...
2025-04-08 23:39:10 INFO  o.s.b.w.e.tomcat.GracefulShutdown - Commencing graceful shutdown. Waiting for active requests to complete
2025-04-08 23:39:10 INFO  c.netflix.discovery.DiscoveryClient - DiscoveryClient_USERSERVICE/Msi-Laptop:UserService:8001 - registration status: 204
2025-04-08 23:39:10 INFO  o.s.b.w.e.tomcat.GracefulShutdown - Graceful shutdown complete
2025-04-08 23:39:10 INFO  o.s.o.j.LocalContainerEntityManagerFactoryBean - Closing JPA EntityManagerFactory for persistence unit 'default'
2025-04-08 23:39:10 INFO  com.zaxxer.hikari.HikariDataSource - HikariPool-1 - Shutdown initiated...
2025-04-08 23:39:10 INFO  com.zaxxer.hikari.HikariDataSource - HikariPool-1 - Shutdown completed.
2025-04-08 23:39:10 INFO  c.netflix.discovery.DiscoveryClient - Shutting down DiscoveryClient ...
2025-04-08 23:39:13 INFO  c.netflix.discovery.DiscoveryClient - Unregistering ...
2025-04-08 23:39:13 INFO  c.netflix.discovery.DiscoveryClient - DiscoveryClient_USERSERVICE/Msi-Laptop:UserService:8001 - deregister  status: 200
2025-04-08 23:39:13 INFO  c.netflix.discovery.DiscoveryClient - Completed shut down of DiscoveryClient
